<?xml version="1.0" encoding="UTF-8"?>
<testng-results skipped="0" failed="0" ignored="0" total="1" passed="1">
  <reporter-output>
  </reporter-output>
  <suite name="Default suite" duration-ms="13444" started-at="2018-09-04T17:55:45Z" finished-at="2018-09-04T17:55:58Z">
    <groups>
    </groups>
    <test name="Default test" duration-ms="13444" started-at="2018-09-04T17:55:45Z" finished-at="2018-09-04T17:55:58Z">
      <class name="seleinumdemo1.LogIn">
        <test-method status="PASS" signature="beforeClass()[pri:0, instance:seleinumdemo1.LogIn@2781e022]" name="beforeClass" is-config="true" duration-ms="8314" started-at="2018-09-04T17:55:45Z" finished-at="2018-09-04T17:55:53Z">
          <reporter-output>
          </reporter-output>
        </test-method> <!-- beforeClass -->
        <test-method status="PASS" signature="registration()[pri:0, instance:seleinumdemo1.LogIn@2781e022]" name="registration" duration-ms="5099" started-at="2018-09-04T17:55:53Z" finished-at="2018-09-04T17:55:58Z">
          <reporter-output>
          </reporter-output>
        </test-method> <!-- registration -->
      </class> <!-- seleinumdemo1.LogIn -->
    </test> <!-- Default test -->
  </suite> <!-- Default suite -->
</testng-results>
